<?xml version="1.0" encoding="utf-8"?><testsuites><testsuite name="pytest" errors="0" failures="0" skipped="0" tests="8" time="0.559" timestamp="2024-10-07T23:59:52.669476+00:00" hostname="fv-az573-454"><testcase classname="test.test_action" name="test_action" time="0.002" /><testcase classname="test.test_combatant" name="test_combatant" time="0.001" /><testcase classname="test.test_combatant" name="test_rolls" time="0.001" /><testcase classname="test.test_scenario" name="test_scenario" time="0.001" /><testcase classname="test.test_scenario_reader" name="test_scenario_reader" time="0.006" /><testcase classname="test.test_simulator" name="test_simulator" time="0.006" /><testcase classname="test.test_stats" name="test_combatant" time="0.001" /><testcase classname="test.test_weapon" name="test_weapon" time="0.001" /></testsuite></testsuites>